<?xml version="1.0" encoding="UTF-8"?>
<testng-results ignored="0" total="1" passed="1" failed="0" skipped="0">
  <reporter-output>
  </reporter-output>
  <suite started-at="2024-06-26T22:08:59 EDT" name="Default suite" finished-at="2024-06-26T22:09:22 EDT" duration-ms="22976">
    <groups>
    </groups>
    <test started-at="2024-06-26T22:08:59 EDT" name="Default test" finished-at="2024-06-26T22:09:22 EDT" duration-ms="22976">
      <class name="QA_Assessment.QAapp_wema.OnboardingTest">
        <test-method is-config="true" signature="ConfigureAppium()[pri:0, instance:QA_Assessment.QAapp_wema.OnboardingTest@6989da5e]" started-at="2024-06-26T22:08:59 EDT" name="ConfigureAppium" finished-at="2024-06-26T22:09:12 EDT" duration-ms="13140" status="PASS">
          <reporter-output>
          </reporter-output>
        </test-method> <!-- ConfigureAppium -->
        <test-method signature="AffiliateOnboarding()[pri:0, instance:QA_Assessment.QAapp_wema.OnboardingTest@6989da5e]" started-at="2024-06-26T22:09:12 EDT" name="AffiliateOnboarding" finished-at="2024-06-26T22:09:21 EDT" duration-ms="8769" status="PASS">
          <reporter-output>
          </reporter-output>
        </test-method> <!-- AffiliateOnboarding -->
        <test-method is-config="true" signature="tearDown()[pri:0, instance:QA_Assessment.QAapp_wema.OnboardingTest@6989da5e]" started-at="2024-06-26T22:09:21 EDT" name="tearDown" finished-at="2024-06-26T22:09:22 EDT" duration-ms="1029" status="PASS">
          <reporter-output>
          </reporter-output>
        </test-method> <!-- tearDown -->
      </class> <!-- QA_Assessment.QAapp_wema.OnboardingTest -->
    </test> <!-- Default test -->
  </suite> <!-- Default suite -->
</testng-results>
